[0.356s] Invoking command in '/home/yammmyu/turtlebot3_ws/src/detection_final': PYTHONPATH=/home/yammmyu/turtlebot3_ws/src/detection_final/build/aruco_detection/prefix_override:/usr/lib/python3/dist-packages/colcon_core/task/python/colcon_distutils_commands:/home/yammmyu/turtlebot3_ws/src/detection_final/install/aruco_detection/lib/python3.10/site-packages:${PYTHONPATH} /usr/bin/python3 -W ignore:setup.py install is deprecated -W ignore:easy_install command is deprecated setup.py egg_info --egg-base build/aruco_detection build --build-base /home/yammmyu/turtlebot3_ws/src/detection_final/build/aruco_detection/build install --record /home/yammmyu/turtlebot3_ws/src/detection_final/build/aruco_detection/install.log --single-version-externally-managed install_data
[0.505s] running egg_info
[0.506s] writing build/aruco_detection/aruco_detection.egg-info/PKG-INFO
[0.506s] writing dependency_links to build/aruco_detection/aruco_detection.egg-info/dependency_links.txt
[0.506s] writing entry points to build/aruco_detection/aruco_detection.egg-info/entry_points.txt
[0.506s] writing requirements to build/aruco_detection/aruco_detection.egg-info/requires.txt
[0.506s] writing top-level names to build/aruco_detection/aruco_detection.egg-info/top_level.txt
[0.507s] reading manifest file 'build/aruco_detection/aruco_detection.egg-info/SOURCES.txt'
[0.508s] writing manifest file 'build/aruco_detection/aruco_detection.egg-info/SOURCES.txt'
[0.508s] running build
[0.508s] running build_py
[0.508s] copying aruco_detection/Task_A_Main.py -> /home/yammmyu/turtlebot3_ws/src/detection_final/build/aruco_detection/build/lib/aruco_detection
[0.508s] copying aruco_detection/servo_node.py -> /home/yammmyu/turtlebot3_ws/src/detection_final/build/aruco_detection/build/lib/aruco_detection
[0.509s] running install
[0.509s] running install_lib
[0.510s] copying /home/yammmyu/turtlebot3_ws/src/detection_final/build/aruco_detection/build/lib/aruco_detection/Task_A_Main.py -> /home/yammmyu/turtlebot3_ws/src/detection_final/install/aruco_detection/lib/python3.10/site-packages/aruco_detection
[0.510s] copying /home/yammmyu/turtlebot3_ws/src/detection_final/build/aruco_detection/build/lib/aruco_detection/servo_node.py -> /home/yammmyu/turtlebot3_ws/src/detection_final/install/aruco_detection/lib/python3.10/site-packages/aruco_detection
[0.510s] byte-compiling /home/yammmyu/turtlebot3_ws/src/detection_final/install/aruco_detection/lib/python3.10/site-packages/aruco_detection/Task_A_Main.py to Task_A_Main.cpython-310.pyc
[0.511s] byte-compiling /home/yammmyu/turtlebot3_ws/src/detection_final/install/aruco_detection/lib/python3.10/site-packages/aruco_detection/servo_node.py to servo_node.cpython-310.pyc
[0.511s] running install_data
[0.511s] running install_egg_info
[0.513s] removing '/home/yammmyu/turtlebot3_ws/src/detection_final/install/aruco_detection/lib/python3.10/site-packages/aruco_detection-0.0.0-py3.10.egg-info' (and everything under it)
[0.513s] Copying build/aruco_detection/aruco_detection.egg-info to /home/yammmyu/turtlebot3_ws/src/detection_final/install/aruco_detection/lib/python3.10/site-packages/aruco_detection-0.0.0-py3.10.egg-info
[0.513s] running install_scripts
[0.526s] Installing camera_node script to /home/yammmyu/turtlebot3_ws/src/detection_final/install/aruco_detection/lib/aruco_detection
[0.526s] Installing mission_manager script to /home/yammmyu/turtlebot3_ws/src/detection_final/install/aruco_detection/lib/aruco_detection
[0.526s] Installing pnp_node script to /home/yammmyu/turtlebot3_ws/src/detection_final/install/aruco_detection/lib/aruco_detection
[0.526s] Installing servo_node script to /home/yammmyu/turtlebot3_ws/src/detection_final/install/aruco_detection/lib/aruco_detection
[0.527s] Installing task_a_node script to /home/yammmyu/turtlebot3_ws/src/detection_final/install/aruco_detection/lib/aruco_detection
[0.527s] Installing task_b_node script to /home/yammmyu/turtlebot3_ws/src/detection_final/install/aruco_detection/lib/aruco_detection
[0.527s] writing list of installed files to '/home/yammmyu/turtlebot3_ws/src/detection_final/build/aruco_detection/install.log'
[0.542s] Invoked command in '/home/yammmyu/turtlebot3_ws/src/detection_final' returned '0': PYTHONPATH=/home/yammmyu/turtlebot3_ws/src/detection_final/build/aruco_detection/prefix_override:/usr/lib/python3/dist-packages/colcon_core/task/python/colcon_distutils_commands:/home/yammmyu/turtlebot3_ws/src/detection_final/install/aruco_detection/lib/python3.10/site-packages:${PYTHONPATH} /usr/bin/python3 -W ignore:setup.py install is deprecated -W ignore:easy_install command is deprecated setup.py egg_info --egg-base build/aruco_detection build --build-base /home/yammmyu/turtlebot3_ws/src/detection_final/build/aruco_detection/build install --record /home/yammmyu/turtlebot3_ws/src/detection_final/build/aruco_detection/install.log --single-version-externally-managed install_data
