running egg_info
writing build/aruco_detection/aruco_detection.egg-info/PKG-INFO
writing dependency_links to build/aruco_detection/aruco_detection.egg-info/dependency_links.txt
writing entry points to build/aruco_detection/aruco_detection.egg-info/entry_points.txt
writing requirements to build/aruco_detection/aruco_detection.egg-info/requires.txt
writing top-level names to build/aruco_detection/aruco_detection.egg-info/top_level.txt
reading manifest file 'build/aruco_detection/aruco_detection.egg-info/SOURCES.txt'
writing manifest file 'build/aruco_detection/aruco_detection.egg-info/SOURCES.txt'
running build
running build_py
copying aruco_detection/servo.py -> /home/ubuntu/turtlebot3_ws/src/detection_final/build/aruco_detection/build/lib/aruco_detection
running install
running install_lib
copying /home/ubuntu/turtlebot3_ws/src/detection_final/build/aruco_detection/build/lib/aruco_detection/servo.py -> /home/ubuntu/turtlebot3_ws/src/detection_final/install/aruco_detection/lib/python3.10/site-packages/aruco_detection
byte-compiling /home/ubuntu/turtlebot3_ws/src/detection_final/install/aruco_detection/lib/python3.10/site-packages/aruco_detection/__init__.py to __init__.cpython-310.pyc
byte-compiling /home/ubuntu/turtlebot3_ws/src/detection_final/install/aruco_detection/lib/python3.10/site-packages/aruco_detection/Task_B_Main.py to Task_B_Main.cpython-310.pyc
byte-compiling /home/ubuntu/turtlebot3_ws/src/detection_final/install/aruco_detection/lib/python3.10/site-packages/aruco_detection/aruco_detection.py to aruco_detection.cpython-310.pyc
byte-compiling /home/ubuntu/turtlebot3_ws/src/detection_final/install/aruco_detection/lib/python3.10/site-packages/aruco_detection/servo.py to servo.cpython-310.pyc
byte-compiling /home/ubuntu/turtlebot3_ws/src/detection_final/install/aruco_detection/lib/python3.10/site-packages/aruco_detection/test.py to test.cpython-310.pyc
byte-compiling /home/ubuntu/turtlebot3_ws/src/detection_final/install/aruco_detection/lib/python3.10/site-packages/aruco_detection/docking_base.py to docking_base.cpython-310.pyc
byte-compiling /home/ubuntu/turtlebot3_ws/src/detection_final/install/aruco_detection/lib/python3.10/site-packages/aruco_detection/servo_node.py to servo_node.cpython-310.pyc
byte-compiling /home/ubuntu/turtlebot3_ws/src/detection_final/install/aruco_detection/lib/python3.10/site-packages/aruco_detection/Task_A_Main.py to Task_A_Main.cpython-310.pyc
byte-compiling /home/ubuntu/turtlebot3_ws/src/detection_final/install/aruco_detection/lib/python3.10/site-packages/aruco_detection/docking_main.py to docking_main.cpython-310.pyc
running install_data
running install_egg_info
removing '/home/ubuntu/turtlebot3_ws/src/detection_final/install/aruco_detection/lib/python3.10/site-packages/aruco_detection-0.0.0-py3.10.egg-info' (and everything under it)
Copying build/aruco_detection/aruco_detection.egg-info to /home/ubuntu/turtlebot3_ws/src/detection_final/install/aruco_detection/lib/python3.10/site-packages/aruco_detection-0.0.0-py3.10.egg-info
running install_scripts
Installing camera_node script to /home/ubuntu/turtlebot3_ws/src/detection_final/install/aruco_detection/lib/aruco_detection
Installing mission_manager script to /home/ubuntu/turtlebot3_ws/src/detection_final/install/aruco_detection/lib/aruco_detection
Installing pnp_node script to /home/ubuntu/turtlebot3_ws/src/detection_final/install/aruco_detection/lib/aruco_detection
Installing servo_node script to /home/ubuntu/turtlebot3_ws/src/detection_final/install/aruco_detection/lib/aruco_detection
Installing task_a_node script to /home/ubuntu/turtlebot3_ws/src/detection_final/install/aruco_detection/lib/aruco_detection
Installing task_b_node script to /home/ubuntu/turtlebot3_ws/src/detection_final/install/aruco_detection/lib/aruco_detection
writing list of installed files to '/home/ubuntu/turtlebot3_ws/src/detection_final/build/aruco_detection/install.log'
