[3.042s] Invoking command in '/home/ubuntu/turtlebot3_ws/src/detection_final': PYTHONPATH=/home/ubuntu/turtlebot3_ws/src/detection_final/build/aruco_detection/prefix_override:/usr/lib/python3/dist-packages/colcon_core/task/python/colcon_distutils_commands:/home/ubuntu/turtlebot3_ws/src/detection_final/install/aruco_detection/lib/python3.10/site-packages:${PYTHONPATH} /usr/bin/python3 -W ignore:setup.py install is deprecated -W ignore:easy_install command is deprecated setup.py egg_info --egg-base build/aruco_detection build --build-base /home/ubuntu/turtlebot3_ws/src/detection_final/build/aruco_detection/build install --record /home/ubuntu/turtlebot3_ws/src/detection_final/build/aruco_detection/install.log --single-version-externally-managed install_data
[4.142s] running egg_info
[4.144s] creating build/aruco_detection/aruco_detection.egg-info
[4.145s] writing build/aruco_detection/aruco_detection.egg-info/PKG-INFO
[4.146s] writing dependency_links to build/aruco_detection/aruco_detection.egg-info/dependency_links.txt
[4.147s] writing entry points to build/aruco_detection/aruco_detection.egg-info/entry_points.txt
[4.148s] writing requirements to build/aruco_detection/aruco_detection.egg-info/requires.txt
[4.149s] writing top-level names to build/aruco_detection/aruco_detection.egg-info/top_level.txt
[4.150s] writing manifest file 'build/aruco_detection/aruco_detection.egg-info/SOURCES.txt'
[4.157s] reading manifest file 'build/aruco_detection/aruco_detection.egg-info/SOURCES.txt'
[4.161s] writing manifest file 'build/aruco_detection/aruco_detection.egg-info/SOURCES.txt'
[4.161s] running build
[4.162s] running build_py
[4.162s] creating /home/ubuntu/turtlebot3_ws/src/detection_final/build/aruco_detection/build
[4.164s] creating /home/ubuntu/turtlebot3_ws/src/detection_final/build/aruco_detection/build/lib
[4.164s] creating /home/ubuntu/turtlebot3_ws/src/detection_final/build/aruco_detection/build/lib/aruco_detection
[4.165s] copying aruco_detection/__init__.py -> /home/ubuntu/turtlebot3_ws/src/detection_final/build/aruco_detection/build/lib/aruco_detection
[4.165s] copying aruco_detection/Task_B_Main.py -> /home/ubuntu/turtlebot3_ws/src/detection_final/build/aruco_detection/build/lib/aruco_detection
[4.166s] copying aruco_detection/aruco_detection_PNP.py -> /home/ubuntu/turtlebot3_ws/src/detection_final/build/aruco_detection/build/lib/aruco_detection
[4.168s] copying aruco_detection/aruco_detection.py -> /home/ubuntu/turtlebot3_ws/src/detection_final/build/aruco_detection/build/lib/aruco_detection
[4.170s] copying aruco_detection/servo.py -> /home/ubuntu/turtlebot3_ws/src/detection_final/build/aruco_detection/build/lib/aruco_detection
[4.171s] copying aruco_detection/test.py -> /home/ubuntu/turtlebot3_ws/src/detection_final/build/aruco_detection/build/lib/aruco_detection
[4.172s] copying aruco_detection/docking_base.py -> /home/ubuntu/turtlebot3_ws/src/detection_final/build/aruco_detection/build/lib/aruco_detection
[4.174s] copying aruco_detection/servo_node.py -> /home/ubuntu/turtlebot3_ws/src/detection_final/build/aruco_detection/build/lib/aruco_detection
[4.175s] copying aruco_detection/Task_A_Main.py -> /home/ubuntu/turtlebot3_ws/src/detection_final/build/aruco_detection/build/lib/aruco_detection
[4.176s] copying aruco_detection/docking_main.py -> /home/ubuntu/turtlebot3_ws/src/detection_final/build/aruco_detection/build/lib/aruco_detection
[4.179s] running install
[4.180s] running install_lib
[4.184s] creating /home/ubuntu/turtlebot3_ws/src/detection_final/install/aruco_detection/lib/python3.10/site-packages/aruco_detection
[4.184s] copying /home/ubuntu/turtlebot3_ws/src/detection_final/build/aruco_detection/build/lib/aruco_detection/__init__.py -> /home/ubuntu/turtlebot3_ws/src/detection_final/install/aruco_detection/lib/python3.10/site-packages/aruco_detection
[4.185s] copying /home/ubuntu/turtlebot3_ws/src/detection_final/build/aruco_detection/build/lib/aruco_detection/Task_B_Main.py -> /home/ubuntu/turtlebot3_ws/src/detection_final/install/aruco_detection/lib/python3.10/site-packages/aruco_detection
[4.186s] copying /home/ubuntu/turtlebot3_ws/src/detection_final/build/aruco_detection/build/lib/aruco_detection/aruco_detection_PNP.py -> /home/ubuntu/turtlebot3_ws/src/detection_final/install/aruco_detection/lib/python3.10/site-packages/aruco_detection
[4.187s] copying /home/ubuntu/turtlebot3_ws/src/detection_final/build/aruco_detection/build/lib/aruco_detection/aruco_detection.py -> /home/ubuntu/turtlebot3_ws/src/detection_final/install/aruco_detection/lib/python3.10/site-packages/aruco_detection
[4.188s] copying /home/ubuntu/turtlebot3_ws/src/detection_final/build/aruco_detection/build/lib/aruco_detection/servo.py -> /home/ubuntu/turtlebot3_ws/src/detection_final/install/aruco_detection/lib/python3.10/site-packages/aruco_detection
[4.189s] copying /home/ubuntu/turtlebot3_ws/src/detection_final/build/aruco_detection/build/lib/aruco_detection/test.py -> /home/ubuntu/turtlebot3_ws/src/detection_final/install/aruco_detection/lib/python3.10/site-packages/aruco_detection
[4.190s] copying /home/ubuntu/turtlebot3_ws/src/detection_final/build/aruco_detection/build/lib/aruco_detection/docking_base.py -> /home/ubuntu/turtlebot3_ws/src/detection_final/install/aruco_detection/lib/python3.10/site-packages/aruco_detection
[4.191s] copying /home/ubuntu/turtlebot3_ws/src/detection_final/build/aruco_detection/build/lib/aruco_detection/servo_node.py -> /home/ubuntu/turtlebot3_ws/src/detection_final/install/aruco_detection/lib/python3.10/site-packages/aruco_detection
[4.192s] copying /home/ubuntu/turtlebot3_ws/src/detection_final/build/aruco_detection/build/lib/aruco_detection/Task_A_Main.py -> /home/ubuntu/turtlebot3_ws/src/detection_final/install/aruco_detection/lib/python3.10/site-packages/aruco_detection
[4.192s] copying /home/ubuntu/turtlebot3_ws/src/detection_final/build/aruco_detection/build/lib/aruco_detection/docking_main.py -> /home/ubuntu/turtlebot3_ws/src/detection_final/install/aruco_detection/lib/python3.10/site-packages/aruco_detection
[4.196s] byte-compiling /home/ubuntu/turtlebot3_ws/src/detection_final/install/aruco_detection/lib/python3.10/site-packages/aruco_detection/__init__.py to __init__.cpython-310.pyc
[4.198s] byte-compiling /home/ubuntu/turtlebot3_ws/src/detection_final/install/aruco_detection/lib/python3.10/site-packages/aruco_detection/Task_B_Main.py to Task_B_Main.cpython-310.pyc
[4.201s] byte-compiling /home/ubuntu/turtlebot3_ws/src/detection_final/install/aruco_detection/lib/python3.10/site-packages/aruco_detection/aruco_detection_PNP.py to aruco_detection_PNP.cpython-310.pyc
[4.204s] byte-compiling /home/ubuntu/turtlebot3_ws/src/detection_final/install/aruco_detection/lib/python3.10/site-packages/aruco_detection/aruco_detection.py to aruco_detection.cpython-310.pyc
[4.207s] byte-compiling /home/ubuntu/turtlebot3_ws/src/detection_final/install/aruco_detection/lib/python3.10/site-packages/aruco_detection/servo.py to servo.cpython-310.pyc
[4.209s] byte-compiling /home/ubuntu/turtlebot3_ws/src/detection_final/install/aruco_detection/lib/python3.10/site-packages/aruco_detection/test.py to test.cpython-310.pyc
[4.210s] byte-compiling /home/ubuntu/turtlebot3_ws/src/detection_final/install/aruco_detection/lib/python3.10/site-packages/aruco_detection/docking_base.py to docking_base.cpython-310.pyc
[4.216s] byte-compiling /home/ubuntu/turtlebot3_ws/src/detection_final/install/aruco_detection/lib/python3.10/site-packages/aruco_detection/servo_node.py to servo_node.cpython-310.pyc
[4.218s] byte-compiling /home/ubuntu/turtlebot3_ws/src/detection_final/install/aruco_detection/lib/python3.10/site-packages/aruco_detection/Task_A_Main.py to Task_A_Main.cpython-310.pyc
[4.220s] byte-compiling /home/ubuntu/turtlebot3_ws/src/detection_final/install/aruco_detection/lib/python3.10/site-packages/aruco_detection/docking_main.py to docking_main.cpython-310.pyc
[4.226s] running install_data
[4.227s] creating /home/ubuntu/turtlebot3_ws/src/detection_final/install/aruco_detection/share/ament_index
[4.228s] creating /home/ubuntu/turtlebot3_ws/src/detection_final/install/aruco_detection/share/ament_index/resource_index
[4.228s] creating /home/ubuntu/turtlebot3_ws/src/detection_final/install/aruco_detection/share/ament_index/resource_index/packages
[4.229s] copying resource/aruco_detection -> /home/ubuntu/turtlebot3_ws/src/detection_final/install/aruco_detection/share/ament_index/resource_index/packages
[4.229s] copying package.xml -> /home/ubuntu/turtlebot3_ws/src/detection_final/install/aruco_detection/share/aruco_detection
[4.230s] creating /home/ubuntu/turtlebot3_ws/src/detection_final/install/aruco_detection/share/aruco_detection/launch
[4.230s] copying launch/aruco_launch.py -> /home/ubuntu/turtlebot3_ws/src/detection_final/install/aruco_detection/share/aruco_detection/launch
[4.232s] copying launch/laptop_launch.py -> /home/ubuntu/turtlebot3_ws/src/detection_final/install/aruco_detection/share/aruco_detection/launch
[4.233s] copying launch/laptop_launch_no_nav.py -> /home/ubuntu/turtlebot3_ws/src/detection_final/install/aruco_detection/share/aruco_detection/launch
[4.234s] copying launch/rpi_launch.py -> /home/ubuntu/turtlebot3_ws/src/detection_final/install/aruco_detection/share/aruco_detection/launch
[4.236s] copying aruco_detection/camera_calibration.npz -> /home/ubuntu/turtlebot3_ws/src/detection_final/install/aruco_detection/lib/python3.10/site-packages/aruco_detection
[4.236s] running install_egg_info
[4.244s] Copying build/aruco_detection/aruco_detection.egg-info to /home/ubuntu/turtlebot3_ws/src/detection_final/install/aruco_detection/lib/python3.10/site-packages/aruco_detection-0.0.0-py3.10.egg-info
[4.250s] running install_scripts
[4.339s] Installing camera_node script to /home/ubuntu/turtlebot3_ws/src/detection_final/install/aruco_detection/lib/aruco_detection
[4.340s] Installing mission_manager script to /home/ubuntu/turtlebot3_ws/src/detection_final/install/aruco_detection/lib/aruco_detection
[4.340s] Installing pnp_node script to /home/ubuntu/turtlebot3_ws/src/detection_final/install/aruco_detection/lib/aruco_detection
[4.341s] Installing servo_node script to /home/ubuntu/turtlebot3_ws/src/detection_final/install/aruco_detection/lib/aruco_detection
[4.342s] Installing task_a_node script to /home/ubuntu/turtlebot3_ws/src/detection_final/install/aruco_detection/lib/aruco_detection
[4.342s] Installing task_b_node script to /home/ubuntu/turtlebot3_ws/src/detection_final/install/aruco_detection/lib/aruco_detection
[4.345s] writing list of installed files to '/home/ubuntu/turtlebot3_ws/src/detection_final/build/aruco_detection/install.log'
[4.463s] Invoked command in '/home/ubuntu/turtlebot3_ws/src/detection_final' returned '0': PYTHONPATH=/home/ubuntu/turtlebot3_ws/src/detection_final/build/aruco_detection/prefix_override:/usr/lib/python3/dist-packages/colcon_core/task/python/colcon_distutils_commands:/home/ubuntu/turtlebot3_ws/src/detection_final/install/aruco_detection/lib/python3.10/site-packages:${PYTHONPATH} /usr/bin/python3 -W ignore:setup.py install is deprecated -W ignore:easy_install command is deprecated setup.py egg_info --egg-base build/aruco_detection build --build-base /home/ubuntu/turtlebot3_ws/src/detection_final/build/aruco_detection/build install --record /home/ubuntu/turtlebot3_ws/src/detection_final/build/aruco_detection/install.log --single-version-externally-managed install_data
