running egg_info
creating build/aruco_detection/aruco_detection.egg-info
writing build/aruco_detection/aruco_detection.egg-info/PKG-INFO
writing dependency_links to build/aruco_detection/aruco_detection.egg-info/dependency_links.txt
writing entry points to build/aruco_detection/aruco_detection.egg-info/entry_points.txt
writing requirements to build/aruco_detection/aruco_detection.egg-info/requires.txt
writing top-level names to build/aruco_detection/aruco_detection.egg-info/top_level.txt
writing manifest file 'build/aruco_detection/aruco_detection.egg-info/SOURCES.txt'
reading manifest file 'build/aruco_detection/aruco_detection.egg-info/SOURCES.txt'
writing manifest file 'build/aruco_detection/aruco_detection.egg-info/SOURCES.txt'
running build
running build_py
creating /home/ubuntu/turtlebot3_ws/src/detection_final/build/aruco_detection/build
creating /home/ubuntu/turtlebot3_ws/src/detection_final/build/aruco_detection/build/lib
creating /home/ubuntu/turtlebot3_ws/src/detection_final/build/aruco_detection/build/lib/aruco_detection
copying aruco_detection/__init__.py -> /home/ubuntu/turtlebot3_ws/src/detection_final/build/aruco_detection/build/lib/aruco_detection
copying aruco_detection/Task_B_Main.py -> /home/ubuntu/turtlebot3_ws/src/detection_final/build/aruco_detection/build/lib/aruco_detection
copying aruco_detection/aruco_detection_PNP.py -> /home/ubuntu/turtlebot3_ws/src/detection_final/build/aruco_detection/build/lib/aruco_detection
copying aruco_detection/aruco_detection.py -> /home/ubuntu/turtlebot3_ws/src/detection_final/build/aruco_detection/build/lib/aruco_detection
copying aruco_detection/servo.py -> /home/ubuntu/turtlebot3_ws/src/detection_final/build/aruco_detection/build/lib/aruco_detection
copying aruco_detection/test.py -> /home/ubuntu/turtlebot3_ws/src/detection_final/build/aruco_detection/build/lib/aruco_detection
copying aruco_detection/docking_base.py -> /home/ubuntu/turtlebot3_ws/src/detection_final/build/aruco_detection/build/lib/aruco_detection
copying aruco_detection/servo_node.py -> /home/ubuntu/turtlebot3_ws/src/detection_final/build/aruco_detection/build/lib/aruco_detection
copying aruco_detection/Task_A_Main.py -> /home/ubuntu/turtlebot3_ws/src/detection_final/build/aruco_detection/build/lib/aruco_detection
copying aruco_detection/docking_main.py -> /home/ubuntu/turtlebot3_ws/src/detection_final/build/aruco_detection/build/lib/aruco_detection
running install
running install_lib
creating /home/ubuntu/turtlebot3_ws/src/detection_final/install/aruco_detection/lib/python3.10/site-packages/aruco_detection
copying /home/ubuntu/turtlebot3_ws/src/detection_final/build/aruco_detection/build/lib/aruco_detection/__init__.py -> /home/ubuntu/turtlebot3_ws/src/detection_final/install/aruco_detection/lib/python3.10/site-packages/aruco_detection
copying /home/ubuntu/turtlebot3_ws/src/detection_final/build/aruco_detection/build/lib/aruco_detection/Task_B_Main.py -> /home/ubuntu/turtlebot3_ws/src/detection_final/install/aruco_detection/lib/python3.10/site-packages/aruco_detection
copying /home/ubuntu/turtlebot3_ws/src/detection_final/build/aruco_detection/build/lib/aruco_detection/aruco_detection_PNP.py -> /home/ubuntu/turtlebot3_ws/src/detection_final/install/aruco_detection/lib/python3.10/site-packages/aruco_detection
copying /home/ubuntu/turtlebot3_ws/src/detection_final/build/aruco_detection/build/lib/aruco_detection/aruco_detection.py -> /home/ubuntu/turtlebot3_ws/src/detection_final/install/aruco_detection/lib/python3.10/site-packages/aruco_detection
copying /home/ubuntu/turtlebot3_ws/src/detection_final/build/aruco_detection/build/lib/aruco_detection/servo.py -> /home/ubuntu/turtlebot3_ws/src/detection_final/install/aruco_detection/lib/python3.10/site-packages/aruco_detection
copying /home/ubuntu/turtlebot3_ws/src/detection_final/build/aruco_detection/build/lib/aruco_detection/test.py -> /home/ubuntu/turtlebot3_ws/src/detection_final/install/aruco_detection/lib/python3.10/site-packages/aruco_detection
copying /home/ubuntu/turtlebot3_ws/src/detection_final/build/aruco_detection/build/lib/aruco_detection/docking_base.py -> /home/ubuntu/turtlebot3_ws/src/detection_final/install/aruco_detection/lib/python3.10/site-packages/aruco_detection
copying /home/ubuntu/turtlebot3_ws/src/detection_final/build/aruco_detection/build/lib/aruco_detection/servo_node.py -> /home/ubuntu/turtlebot3_ws/src/detection_final/install/aruco_detection/lib/python3.10/site-packages/aruco_detection
copying /home/ubuntu/turtlebot3_ws/src/detection_final/build/aruco_detection/build/lib/aruco_detection/Task_A_Main.py -> /home/ubuntu/turtlebot3_ws/src/detection_final/install/aruco_detection/lib/python3.10/site-packages/aruco_detection
copying /home/ubuntu/turtlebot3_ws/src/detection_final/build/aruco_detection/build/lib/aruco_detection/docking_main.py -> /home/ubuntu/turtlebot3_ws/src/detection_final/install/aruco_detection/lib/python3.10/site-packages/aruco_detection
byte-compiling /home/ubuntu/turtlebot3_ws/src/detection_final/install/aruco_detection/lib/python3.10/site-packages/aruco_detection/__init__.py to __init__.cpython-310.pyc
byte-compiling /home/ubuntu/turtlebot3_ws/src/detection_final/install/aruco_detection/lib/python3.10/site-packages/aruco_detection/Task_B_Main.py to Task_B_Main.cpython-310.pyc
byte-compiling /home/ubuntu/turtlebot3_ws/src/detection_final/install/aruco_detection/lib/python3.10/site-packages/aruco_detection/aruco_detection_PNP.py to aruco_detection_PNP.cpython-310.pyc
byte-compiling /home/ubuntu/turtlebot3_ws/src/detection_final/install/aruco_detection/lib/python3.10/site-packages/aruco_detection/aruco_detection.py to aruco_detection.cpython-310.pyc
byte-compiling /home/ubuntu/turtlebot3_ws/src/detection_final/install/aruco_detection/lib/python3.10/site-packages/aruco_detection/servo.py to servo.cpython-310.pyc
byte-compiling /home/ubuntu/turtlebot3_ws/src/detection_final/install/aruco_detection/lib/python3.10/site-packages/aruco_detection/test.py to test.cpython-310.pyc
byte-compiling /home/ubuntu/turtlebot3_ws/src/detection_final/install/aruco_detection/lib/python3.10/site-packages/aruco_detection/docking_base.py to docking_base.cpython-310.pyc
byte-compiling /home/ubuntu/turtlebot3_ws/src/detection_final/install/aruco_detection/lib/python3.10/site-packages/aruco_detection/servo_node.py to servo_node.cpython-310.pyc
byte-compiling /home/ubuntu/turtlebot3_ws/src/detection_final/install/aruco_detection/lib/python3.10/site-packages/aruco_detection/Task_A_Main.py to Task_A_Main.cpython-310.pyc
byte-compiling /home/ubuntu/turtlebot3_ws/src/detection_final/install/aruco_detection/lib/python3.10/site-packages/aruco_detection/docking_main.py to docking_main.cpython-310.pyc
running install_data
creating /home/ubuntu/turtlebot3_ws/src/detection_final/install/aruco_detection/share/ament_index
creating /home/ubuntu/turtlebot3_ws/src/detection_final/install/aruco_detection/share/ament_index/resource_index
creating /home/ubuntu/turtlebot3_ws/src/detection_final/install/aruco_detection/share/ament_index/resource_index/packages
copying resource/aruco_detection -> /home/ubuntu/turtlebot3_ws/src/detection_final/install/aruco_detection/share/ament_index/resource_index/packages
copying package.xml -> /home/ubuntu/turtlebot3_ws/src/detection_final/install/aruco_detection/share/aruco_detection
creating /home/ubuntu/turtlebot3_ws/src/detection_final/install/aruco_detection/share/aruco_detection/launch
copying launch/aruco_launch.py -> /home/ubuntu/turtlebot3_ws/src/detection_final/install/aruco_detection/share/aruco_detection/launch
copying launch/laptop_launch.py -> /home/ubuntu/turtlebot3_ws/src/detection_final/install/aruco_detection/share/aruco_detection/launch
copying launch/laptop_launch_no_nav.py -> /home/ubuntu/turtlebot3_ws/src/detection_final/install/aruco_detection/share/aruco_detection/launch
copying launch/rpi_launch.py -> /home/ubuntu/turtlebot3_ws/src/detection_final/install/aruco_detection/share/aruco_detection/launch
copying aruco_detection/camera_calibration.npz -> /home/ubuntu/turtlebot3_ws/src/detection_final/install/aruco_detection/lib/python3.10/site-packages/aruco_detection
running install_egg_info
Copying build/aruco_detection/aruco_detection.egg-info to /home/ubuntu/turtlebot3_ws/src/detection_final/install/aruco_detection/lib/python3.10/site-packages/aruco_detection-0.0.0-py3.10.egg-info
running install_scripts
Installing camera_node script to /home/ubuntu/turtlebot3_ws/src/detection_final/install/aruco_detection/lib/aruco_detection
Installing mission_manager script to /home/ubuntu/turtlebot3_ws/src/detection_final/install/aruco_detection/lib/aruco_detection
Installing pnp_node script to /home/ubuntu/turtlebot3_ws/src/detection_final/install/aruco_detection/lib/aruco_detection
Installing servo_node script to /home/ubuntu/turtlebot3_ws/src/detection_final/install/aruco_detection/lib/aruco_detection
Installing task_a_node script to /home/ubuntu/turtlebot3_ws/src/detection_final/install/aruco_detection/lib/aruco_detection
Installing task_b_node script to /home/ubuntu/turtlebot3_ws/src/detection_final/install/aruco_detection/lib/aruco_detection
writing list of installed files to '/home/ubuntu/turtlebot3_ws/src/detection_final/build/aruco_detection/install.log'
