running egg_info
creating build/my_explorer/my_explorer.egg-info
writing build/my_explorer/my_explorer.egg-info/PKG-INFO
writing dependency_links to build/my_explorer/my_explorer.egg-info/dependency_links.txt
writing entry points to build/my_explorer/my_explorer.egg-info/entry_points.txt
writing requirements to build/my_explorer/my_explorer.egg-info/requires.txt
writing top-level names to build/my_explorer/my_explorer.egg-info/top_level.txt
writing manifest file 'build/my_explorer/my_explorer.egg-info/SOURCES.txt'
reading manifest file 'build/my_explorer/my_explorer.egg-info/SOURCES.txt'
writing manifest file 'build/my_explorer/my_explorer.egg-info/SOURCES.txt'
running build
running build_py
creating /home/mayuresh/turtlebot3_ws/src/my_explorer/build/my_explorer/build
creating /home/mayuresh/turtlebot3_ws/src/my_explorer/build/my_explorer/build/lib
creating /home/mayuresh/turtlebot3_ws/src/my_explorer/build/my_explorer/build/lib/my_explorer
copying my_explorer/explorer_node.py -> /home/mayuresh/turtlebot3_ws/src/my_explorer/build/my_explorer/build/lib/my_explorer
copying my_explorer/__init__.py -> /home/mayuresh/turtlebot3_ws/src/my_explorer/build/my_explorer/build/lib/my_explorer
running install
running install_lib
creating /home/mayuresh/turtlebot3_ws/src/my_explorer/install/my_explorer/lib/python3.10/site-packages/my_explorer
copying /home/mayuresh/turtlebot3_ws/src/my_explorer/build/my_explorer/build/lib/my_explorer/explorer_node.py -> /home/mayuresh/turtlebot3_ws/src/my_explorer/install/my_explorer/lib/python3.10/site-packages/my_explorer
copying /home/mayuresh/turtlebot3_ws/src/my_explorer/build/my_explorer/build/lib/my_explorer/__init__.py -> /home/mayuresh/turtlebot3_ws/src/my_explorer/install/my_explorer/lib/python3.10/site-packages/my_explorer
byte-compiling /home/mayuresh/turtlebot3_ws/src/my_explorer/install/my_explorer/lib/python3.10/site-packages/my_explorer/explorer_node.py to explorer_node.cpython-310.pyc
byte-compiling /home/mayuresh/turtlebot3_ws/src/my_explorer/install/my_explorer/lib/python3.10/site-packages/my_explorer/__init__.py to __init__.cpython-310.pyc
running install_data
creating /home/mayuresh/turtlebot3_ws/src/my_explorer/install/my_explorer/share/ament_index
creating /home/mayuresh/turtlebot3_ws/src/my_explorer/install/my_explorer/share/ament_index/resource_index
creating /home/mayuresh/turtlebot3_ws/src/my_explorer/install/my_explorer/share/ament_index/resource_index/packages
copying resource/my_explorer -> /home/mayuresh/turtlebot3_ws/src/my_explorer/install/my_explorer/share/ament_index/resource_index/packages
copying package.xml -> /home/mayuresh/turtlebot3_ws/src/my_explorer/install/my_explorer/share/my_explorer
creating /home/mayuresh/turtlebot3_ws/src/my_explorer/install/my_explorer/share/my_explorer/launch
copying launch/launcher.py -> /home/mayuresh/turtlebot3_ws/src/my_explorer/install/my_explorer/share/my_explorer/launch
creating /home/mayuresh/turtlebot3_ws/src/my_explorer/install/my_explorer/share/my_explorer/config
copying config/nav2_params.yaml -> /home/mayuresh/turtlebot3_ws/src/my_explorer/install/my_explorer/share/my_explorer/config
running install_egg_info
Copying build/my_explorer/my_explorer.egg-info to /home/mayuresh/turtlebot3_ws/src/my_explorer/install/my_explorer/lib/python3.10/site-packages/my_explorer-0.0.0-py3.10.egg-info
running install_scripts
Installing run_explorer script to /home/mayuresh/turtlebot3_ws/src/my_explorer/install/my_explorer/lib/my_explorer
writing list of installed files to '/home/mayuresh/turtlebot3_ws/src/my_explorer/build/my_explorer/install.log'
